http: GET en /loggerTest - 23/7/2024, 12:58:36
http: GET en /favicon.ico - 23/7/2024, 12:58:37
http: GET en /users - 23/7/2024, 12:58:43
http: GET en /favicon.ico - 23/7/2024, 12:58:55
http: GET en /login - 28/7/2024, 2:56:03 a.m.
http: GET en /favicon.ico - 28/7/2024, 2:56:04 a.m.
http: GET en /reset_password - 28/7/2024, 2:56:07 a.m.
http: GET en /reset_password - 28/7/2024, 2:57:09 a.m.
http: GET en /favicon.ico - 28/7/2024, 2:57:09 a.m.
http: GET en /reset_password - 28/7/2024, 2:57:58 a.m.
http: GET en /login - 28/7/2024, 2:58:09 a.m.
http: GET en /favicon.ico - 28/7/2024, 2:58:10 a.m.
http: GET en /reset_password - 28/7/2024, 2:58:11 a.m.
http: GET en /login - 28/7/2024, 3:00:12 a.m.
http: GET en /favicon.ico - 28/7/2024, 3:00:12 a.m.
http: GET en /api/sessions/reset_password - 28/7/2024, 3:00:14 a.m.
http: GET en /api/sessions/reset_password - 28/7/2024, 3:01:34 a.m.
http: GET en /api/sessions/reset_password - 28/7/2024, 3:02:10 a.m.
http: GET en /favicon.ico - 28/7/2024, 3:02:11 a.m.
http: GET en /login - 28/7/2024, 3:02:19 a.m.
http: GET en /login - 28/7/2024, 3:02:35 a.m.
http: GET en /favicon.ico - 28/7/2024, 3:02:35 a.m.
http: GET en /api/sessions/reset_password - 28/7/2024, 3:02:37 a.m.
http: GET en /api/sessions/reset_password - 28/7/2024, 3:02:53 a.m.
http: GET en /api/sessions/reset_password - 28/7/2024, 3:03:28 a.m.
http: GET en /api/sessions/reset_password - 28/7/2024, 3:04:25 a.m.
http: GET en /api/sessions/reset_password - 28/7/2024, 3:05:32 a.m.
http: GET en /api/sessions/reset_password - 28/7/2024, 3:05:36 a.m.
http: GET en /api/sessions/reset_password - 28/7/2024, 3:06:34 a.m.
http: GET en /login - 28/7/2024, 3:06:55 a.m.
http: GET en /favicon.ico - 28/7/2024, 3:06:55 a.m.
http: GET en /api/sessions/reset_password - 28/7/2024, 3:06:56 a.m.
http: GET en /api/sessions/reset_password - 28/7/2024, 3:08:18 a.m.
http: GET en /api/sessions/reset_password - 28/7/2024, 3:08:57 a.m.
http: GET en /api/sessions/reset_password - 28/7/2024, 3:09:04 a.m.
http: GET en /api/sessions/reset_password - 28/7/2024, 3:09:18 a.m.
http: GET en /api/sessions/reset_password - 28/7/2024, 3:10:02 a.m.
http: GET en /api/sessions/reset_password - 28/7/2024, 3:10:20 a.m.
http: GET en /login - 28/7/2024, 3:10:24 a.m.
http: GET en /favicon.ico - 28/7/2024, 3:10:25 a.m.
http: GET en /reset_password - 28/7/2024, 3:10:26 a.m.
http: POST en /api/sessions/resetPass - 28/7/2024, 3:10:40 a.m.
http: POST en /api/sessions/resetPass - 28/7/2024, 3:12:23 a.m.
http: GET en /login - 28/7/2024, 3:14:58 a.m.
http: GET en /favicon.ico - 28/7/2024, 3:14:59 a.m.
http: GET en /api/sessions/reset_password - 28/7/2024, 3:15:02 a.m.
http: GET en /api/sessions/reset_password - 28/7/2024, 3:15:29 a.m.
http: GET en /favicon.ico - 28/7/2024, 3:15:29 a.m.
http: GET en /favicon.ico - 28/7/2024, 3:15:37 a.m.
http: GET en /login - 28/7/2024, 3:15:52 a.m.
http: GET en /api/sessions/reset_password - 28/7/2024, 3:15:54 a.m.
http: POST en /api/sessions/resetPass - 28/7/2024, 3:15:59 a.m.
http: POST en /api/sessions/resetPass - 28/7/2024, 3:18:13 a.m.
http: GET en /api/sessions/resetPass - 28/7/2024, 3:42:41 a.m.
http: GET en /api/sessions/resetPass - 28/7/2024, 3:44:04 a.m.
http: GET en /api/sessions/resetPass - 28/7/2024, 3:46:53 a.m.
http: GET en /api/sessions/resetPass - 28/7/2024, 3:46:57 a.m.
http: GET en /api/sessions/resetPass - 28/7/2024, 3:47:24 a.m.
http: GET en /api/sessions/resetPass - 28/7/2024, 3:47:29 a.m.
http: GET en /api/sessions/resetPass - 28/7/2024, 3:51:38 a.m.
http: GET en /resetPass - 28/7/2024, 3:51:44 a.m.
http: GET en /login - 28/7/2024, 3:52:09 a.m.
http: GET en /favicon.ico - 28/7/2024, 3:52:10 a.m.
http: GET en /api/sessions/reset_password - 28/7/2024, 3:52:11 a.m.
http: POST en /resetPass - 28/7/2024, 3:52:17 a.m.
http: GET en /favicon.ico - 28/7/2024, 3:52:32 a.m.
http: POST en /resetPass - 28/7/2024, 3:52:38 a.m.
http: GET en /favicon.ico - 28/7/2024, 3:52:38 a.m.
http: GET en /login - 28/7/2024, 3:52:59 a.m.
http: GET en /favicon.ico - 28/7/2024, 3:53:00 a.m.
http: GET en /api/sessions/reset_password - 28/7/2024, 3:53:02 a.m.
http: POST en /resetPass - 28/7/2024, 3:53:07 a.m.
http: GET en /favicon.ico - 28/7/2024, 3:53:22 a.m.
http: GET en /favicon.ico - 28/7/2024, 3:53:27 a.m.
http: GET en /favicon.ico - 28/7/2024, 3:53:37 a.m.
http: POST en /resetPass - 28/7/2024, 3:53:41 a.m.
http: GET en /resetPass - 28/7/2024, 3:56:01 a.m.
http: GET en /login - 28/7/2024, 3:56:09 a.m.
http: GET en /favicon.ico - 28/7/2024, 3:56:10 a.m.
http: GET en /api/sessions/reset_password - 28/7/2024, 3:56:11 a.m.
http: POST en /resetPass - 28/7/2024, 3:56:16 a.m.
http: GET en /login - 28/7/2024, 3:58:39 a.m.
http: GET en /favicon.ico - 28/7/2024, 3:58:40 a.m.
http: GET en /api/sessions/reset_password - 28/7/2024, 3:58:41 a.m.
http: POST en /resetPass - 28/7/2024, 3:58:46 a.m.
http: GET en /favicon.ico - 28/7/2024, 3:59:02 a.m.
http: GET en /favicon.ico - 28/7/2024, 3:59:06 a.m.
http: GET en /login - 28/7/2024, 4:01:28 a.m.
http: GET en /favicon.ico - 28/7/2024, 4:01:28 a.m.
http: GET en /api/sessions/reset_password - 28/7/2024, 4:01:35 a.m.
http: POST en /resetPass - 28/7/2024, 4:01:39 a.m.
http: GET en /favicon.ico - 28/7/2024, 4:01:56 a.m.
http: GET en /favicon.ico - 28/7/2024, 4:01:56 a.m.
http: GET en /favicon.ico - 28/7/2024, 4:01:59 a.m.
http: GET en /login - 28/7/2024, 4:02:31 a.m.
http: GET en /favicon.ico - 28/7/2024, 4:02:32 a.m.
http: GET en /api/sessions/reset_password - 28/7/2024, 4:02:42 a.m.
http: POST en /resetPass - 28/7/2024, 4:02:46 a.m.
http: GET en /favicon.ico - 28/7/2024, 4:03:02 a.m.
http: POST en /resetPass - 28/7/2024, 4:03:25 a.m.
http: GET en /favicon.ico - 28/7/2024, 4:03:26 a.m.
http: GET en /login - 28/7/2024, 4:04:10 a.m.
http: GET en /favicon.ico - 28/7/2024, 4:04:10 a.m.
http: GET en /api/sessions/reset_password - 28/7/2024, 4:04:14 a.m.
http: POST en /resetPass - 28/7/2024, 4:04:18 a.m.
http: GET en /favicon.ico - 28/7/2024, 4:04:34 a.m.
http: GET en /favicon.ico - 28/7/2024, 4:04:38 a.m.
http: GET en /favicon.ico - 28/7/2024, 4:05:01 a.m.
http: GET en /login - 28/7/2024, 4:05:26 a.m.
http: GET en /favicon.ico - 28/7/2024, 4:05:27 a.m.
http: GET en /api/sessions/reset_password - 28/7/2024, 4:05:30 a.m.
http: POST en /resetPass - 28/7/2024, 4:05:34 a.m.
http: GET en /favicon.ico - 28/7/2024, 4:05:50 a.m.
http: GET en /favicon.ico - 28/7/2024, 4:05:55 a.m.
http: GET en /api/sessions/reset_password - 28/7/2024, 4:06:11 a.m.
http: GET en /favicon.ico - 28/7/2024, 4:06:11 a.m.
http: POST en /resetPass - 28/7/2024, 4:06:15 a.m.
http: GET en /restart - 28/7/2024, 4:06:22 a.m.
http: GET en /favicon.ico - 28/7/2024, 4:06:35 a.m.
http: GET en /restart - 28/7/2024, 4:06:41 a.m.
http: GET en /restart - 28/7/2024, 4:08:35 a.m.
http: GET en /restart - 28/7/2024, 4:09:02 a.m.
http: GET en /restart - 28/7/2024, 4:09:03 a.m.
http: GET en /restart - 28/7/2024, 4:09:06 a.m.
http: GET en /restart - 28/7/2024, 4:09:18 a.m.
http: GET en /restart - 28/7/2024, 4:09:44 a.m.
http: GET en /restart - 28/7/2024, 4:10:24 a.m.
http: GET en /favicon.ico - 28/7/2024, 4:10:24 a.m.
http: GET en /favicon.ico - 28/7/2024, 4:11:25 a.m.
http: GET en /restart - 28/7/2024, 4:13:56 a.m.
http: GET en /favicon.ico - 28/7/2024, 4:13:56 a.m.
http: POST en /api/sessions/restart - 28/7/2024, 4:19:44 a.m.
http: GET en /favicon.ico - 28/7/2024, 4:20:13 a.m.
http: POST en /api/sessions/restart - 28/7/2024, 4:20:15 a.m.
http: GET en /api/sessions/reset_password - 28/7/2024, 6:07:12 p.m.
http: GET en /favicon.ico - 28/7/2024, 6:07:12 p.m.
http: POST en /resetPass - 28/7/2024, 6:10:18 p.m.
http: GET en /favicon.ico - 28/7/2024, 6:10:38 p.m.
http: GET en /restart - 28/7/2024, 6:11:02 p.m.
http: GET en /favicon.ico - 28/7/2024, 6:11:18 p.m.
http: GET en /login - 28/7/2024, 6:40:54 p.m.
http: GET en /favicon.ico - 28/7/2024, 6:40:54 p.m.
http: GET en /api/sessions/reset_password - 28/7/2024, 6:41:33 p.m.
http: POST en /resetPass - 28/7/2024, 6:41:39 p.m.
http: GET en /restart - 28/7/2024, 6:41:47 p.m.
http: GET en /favicon.ico - 28/7/2024, 6:41:54 p.m.
http: GET en /favicon.ico - 28/7/2024, 6:41:59 p.m.
http: GET en /favicon.ico - 28/7/2024, 6:42:07 p.m.
http: GET en /login - 28/7/2024, 8:28:54 p.m.
http: GET en /favicon.ico - 28/7/2024, 8:28:54 p.m.
http: GET en /api/sessions/reset_password - 28/7/2024, 8:28:59 p.m.
http: POST en /resetPass - 28/7/2024, 8:29:05 p.m.
http: GET en /favicon.ico - 28/7/2024, 8:29:19 p.m.
http: GET en /favicon.ico - 28/7/2024, 8:29:25 p.m.
http: GET en /restart - 28/7/2024, 8:29:34 p.m.
http: GET en /favicon.ico - 28/7/2024, 8:29:54 p.m.
http: POST en /api/sessions/restart - 28/7/2024, 8:30:14 p.m.
http: POST en /api/sessions/restart - 28/7/2024, 8:42:48 p.m.
http: GET en /favicon.ico - 28/7/2024, 8:42:49 p.m.
http: GET en /login - 28/7/2024, 8:43:08 p.m.
http: GET en /favicon.ico - 28/7/2024, 8:43:08 p.m.
http: GET en /api/sessions/reset_password - 28/7/2024, 8:43:11 p.m.
http: POST en /resetPass - 28/7/2024, 8:43:15 p.m.
http: GET en /restart - 28/7/2024, 8:43:23 p.m.
http: GET en /favicon.ico - 28/7/2024, 8:43:31 p.m.
http: POST en /api/sessions/restart - 28/7/2024, 8:43:32 p.m.
http: GET en /favicon.ico - 28/7/2024, 8:43:35 p.m.
http: GET en /favicon.ico - 28/7/2024, 8:43:43 p.m.
http: GET en /favicon.ico - 28/7/2024, 8:43:52 p.m.
http: POST en /api/sessions/restart - 28/7/2024, 8:49:42 p.m.
http: GET en /favicon.ico - 28/7/2024, 8:49:42 p.m.
http: GET en /login - 28/7/2024, 8:51:05 p.m.
http: GET en /favicon.ico - 28/7/2024, 8:51:05 p.m.
http: GET en /api/sessions/reset_password - 28/7/2024, 8:51:07 p.m.
http: POST en /resetPass - 28/7/2024, 8:51:12 p.m.
http: GET en /restart - 28/7/2024, 8:51:19 p.m.
http: GET en /favicon.ico - 28/7/2024, 8:51:27 p.m.
http: POST en /api/sessions/restart - 28/7/2024, 8:51:28 p.m.
http: GET en /favicon.ico - 28/7/2024, 8:51:32 p.m.
http: GET en /favicon.ico - 28/7/2024, 8:51:39 p.m.
http: GET en /favicon.ico - 28/7/2024, 8:51:49 p.m.
http: GET en /login - 28/7/2024, 9:01:38 p.m.
http: GET en /favicon.ico - 28/7/2024, 9:01:38 p.m.
http: GET en /api/sessions/reset_password - 28/7/2024, 9:01:40 p.m.
http: POST en /resetPass - 28/7/2024, 9:01:45 p.m.
http: GET en /restart - 28/7/2024, 9:01:53 p.m.
http: GET en /favicon.ico - 28/7/2024, 9:02:00 p.m.
http: POST en /api/sessions/restart - 28/7/2024, 9:02:05 p.m.
http: GET en /favicon.ico - 28/7/2024, 9:02:05 p.m.
http: GET en /favicon.ico - 28/7/2024, 9:02:13 p.m.
http: GET en /login - 28/7/2024, 9:02:20 p.m.
http: GET en /api/sessions/reset_password - 28/7/2024, 9:02:22 p.m.
http: POST en /resetPass - 28/7/2024, 9:02:26 p.m.
http: GET en /favicon.ico - 28/7/2024, 9:02:40 p.m.
http: GET en /favicon.ico - 28/7/2024, 9:02:40 p.m.
http: GET en /favicon.ico - 28/7/2024, 9:03:00 p.m.
http: GET en /login - 28/7/2024, 10:18:10 p.m.
http: GET en /favicon.ico - 28/7/2024, 10:18:10 p.m.
http: GET en /api/sessions/reset_password - 28/7/2024, 10:18:13 p.m.
http: POST en /resetPass - 28/7/2024, 10:18:18 p.m.
http: GET en /favicon.ico - 28/7/2024, 10:18:33 p.m.
http: GET en /favicon.ico - 28/7/2024, 10:18:38 p.m.
http: GET en /api/sessions/reset_password - 28/7/2024, 10:18:48 p.m.
http: GET en /login - 28/7/2024, 10:19:13 p.m.
http: GET en /favicon.ico - 28/7/2024, 10:19:13 p.m.
http: GET en /api/sessions/reset_password - 28/7/2024, 10:19:15 p.m.
http: POST en /resetPass - 28/7/2024, 10:19:19 p.m.
http: GET en /favicon.ico - 28/7/2024, 10:19:35 p.m.
http: GET en /favicon.ico - 28/7/2024, 10:19:39 p.m.
http: GET en /login - 28/7/2024, 10:21:48 p.m.
http: GET en /favicon.ico - 28/7/2024, 10:21:49 p.m.
http: GET en /api/sessions/reset_password - 28/7/2024, 10:21:50 p.m.
http: POST en /resetPass - 28/7/2024, 10:21:55 p.m.
http: GET en /favicon.ico - 28/7/2024, 10:22:11 p.m.
http: GET en /favicon.ico - 28/7/2024, 10:22:15 p.m.
http: GET en /favicon.ico - 28/7/2024, 10:22:18 p.m.
http: GET en /login - 28/7/2024, 10:22:54 p.m.
http: GET en /favicon.ico - 28/7/2024, 10:22:54 p.m.
http: GET en /api/sessions/reset_password - 28/7/2024, 10:23:00 p.m.
http: POST en /resetPass - 28/7/2024, 10:23:05 p.m.
http: GET en /favicon.ico - 28/7/2024, 10:23:20 p.m.
http: GET en /favicon.ico - 28/7/2024, 10:23:25 p.m.
http: GET en /login - 28/7/2024, 10:26:56 p.m.
http: GET en /favicon.ico - 28/7/2024, 10:26:57 p.m.
http: GET en /api/sessions/reset_password - 28/7/2024, 10:26:59 p.m.
http: POST en /resetPass - 28/7/2024, 10:27:05 p.m.
http: GET en /favicon.ico - 28/7/2024, 10:27:19 p.m.
http: GET en /favicon.ico - 28/7/2024, 10:27:26 p.m.
http: GET en /login - 28/7/2024, 10:29:34 p.m.
http: GET en /favicon.ico - 28/7/2024, 10:29:35 p.m.
http: GET en /api/sessions/reset_password - 28/7/2024, 10:29:40 p.m.
http: POST en /resetPass - 28/7/2024, 10:29:44 p.m.
http: GET en /favicon.ico - 28/7/2024, 10:30:00 p.m.
http: GET en /favicon.ico - 28/7/2024, 10:30:04 p.m.
http: GET en /api/sessions/reset_password - 28/7/2024, 10:30:06 p.m.
http: GET en /favicon.ico - 28/7/2024, 10:30:26 p.m.
http: GET en /login - 28/7/2024, 10:51:28 p.m.
http: GET en /favicon.ico - 28/7/2024, 10:51:28 p.m.
http: GET en /api/sessions/reset_password - 28/7/2024, 10:51:30 p.m.
http: POST en /resetPass - 28/7/2024, 10:51:34 p.m.
http: GET en /favicon.ico - 28/7/2024, 10:51:50 p.m.
http: GET en /favicon.ico - 28/7/2024, 10:51:55 p.m.
http: GET en /favicon.ico - 28/7/2024, 10:52:29 p.m.
http: GET en /login - 28/7/2024, 10:54:42 p.m.
http: GET en /favicon.ico - 28/7/2024, 10:54:42 p.m.
http: GET en /api/sessions/reset_password - 28/7/2024, 10:54:44 p.m.
http: POST en /resetPass - 28/7/2024, 10:54:49 p.m.
http: GET en /favicon.ico - 28/7/2024, 10:55:05 p.m.
http: GET en /favicon.ico - 28/7/2024, 10:55:09 p.m.
http: GET en /login - 28/7/2024, 10:56:39 p.m.
http: GET en /favicon.ico - 28/7/2024, 10:56:39 p.m.
http: GET en /api/sessions/reset_password - 28/7/2024, 10:56:41 p.m.
http: POST en /resetPass - 28/7/2024, 10:56:48 p.m.
http: GET en /favicon.ico - 28/7/2024, 10:57:02 p.m.
http: GET en /favicon.ico - 28/7/2024, 10:57:08 p.m.
http: GET en /api/sessions/reset_password - 28/7/2024, 10:57:11 p.m.
http: GET en /favicon.ico - 28/7/2024, 10:57:31 p.m.
http: POST en /resetPass - 28/7/2024, 11:01:59 p.m.
http: GET en /favicon.ico - 28/7/2024, 11:01:59 p.m.
http: GET en /login - 28/7/2024, 11:03:02 p.m.
http: GET en /favicon.ico - 28/7/2024, 11:03:02 p.m.
http: GET en /api/sessions/reset_password - 28/7/2024, 11:03:04 p.m.
http: POST en /resetPass - 28/7/2024, 11:03:10 p.m.
http: GET en /favicon.ico - 28/7/2024, 11:03:24 p.m.
http: GET en /favicon.ico - 28/7/2024, 11:03:30 p.m.
http: GET en /favicon.ico - 28/7/2024, 11:04:00 p.m.
http: GET en /login - 28/7/2024, 11:04:13 p.m.
http: GET en /favicon.ico - 28/7/2024, 11:04:13 p.m.
http: GET en /api/sessions/reset_password - 28/7/2024, 11:04:15 p.m.
http: POST en /resetPass - 28/7/2024, 11:04:20 p.m.
http: GET en /favicon.ico - 28/7/2024, 11:04:35 p.m.
http: GET en /favicon.ico - 28/7/2024, 11:04:41 p.m.
http: GET en /login - 28/7/2024, 11:10:15 p.m.
http: GET en /favicon.ico - 28/7/2024, 11:10:15 p.m.
http: GET en /api/sessions/reset_password - 28/7/2024, 11:10:17 p.m.
http: POST en /api/sessions/resetPass - 28/7/2024, 11:10:21 p.m.
http: GET en /api/sessions/resetPass - 28/7/2024, 11:11:24 p.m.
http: GET en /login - 28/7/2024, 11:11:42 p.m.
http: GET en /favicon.ico - 28/7/2024, 11:11:42 p.m.
http: GET en /api/sessions/reset_password - 28/7/2024, 11:11:43 p.m.
http: POST en /api/sessions/resetPass - 28/7/2024, 11:11:47 p.m.
http: GET en /login - 28/7/2024, 11:14:04 p.m.
http: GET en /favicon.ico - 28/7/2024, 11:14:05 p.m.
http: GET en /api/sessions/reset_password - 28/7/2024, 11:14:07 p.m.
http: POST en /api/sessions/resetPass - 28/7/2024, 11:14:12 p.m.
http: GET en /favicon.ico - 28/7/2024, 11:14:27 p.m.
http: GET en /login - 28/7/2024, 11:15:14 p.m.
http: GET en /favicon.ico - 28/7/2024, 11:15:15 p.m.
http: GET en /api/sessions/reset_password - 28/7/2024, 11:15:16 p.m.
http: POST en /api/sessions/resetPass - 28/7/2024, 11:15:21 p.m.
http: GET en /api/sessions/login - 28/7/2024, 11:15:21 p.m.
http: GET en /favicon.ico - 28/7/2024, 11:15:36 p.m.
http: POST en /api/sessions/resetPass - 28/7/2024, 11:18:17 p.m.
http: GET en /api/sessions/login - 28/7/2024, 11:18:17 p.m.
http: GET en /api/sessions/login - 28/7/2024, 11:18:46 p.m.
http: GET en /login - 28/7/2024, 11:18:54 p.m.
http: GET en /favicon.ico - 28/7/2024, 11:18:54 p.m.
http: GET en /api/sessions/reset_password - 28/7/2024, 11:19:56 p.m.
http: GET en /favicon.ico - 28/7/2024, 11:20:16 p.m.
http: GET en /login - 28/7/2024, 11:21:07 p.m.
http: GET en /favicon.ico - 28/7/2024, 11:21:07 p.m.
http: GET en /api/sessions/reset_password - 28/7/2024, 11:21:08 p.m.
http: POST en /api/sessions/resetPass - 28/7/2024, 11:21:12 p.m.
http: GET en /api/sessions/login - 28/7/2024, 11:21:12 p.m.
http: GET en /favicon.ico - 28/7/2024, 11:21:28 p.m.
http: GET en /api/sessions/login - 28/7/2024, 11:22:17 p.m.
http: GET en /login - 28/7/2024, 11:23:23 p.m.
http: GET en /favicon.ico - 28/7/2024, 11:23:23 p.m.
http: GET en /api/sessions/reset_password - 28/7/2024, 11:23:25 p.m.
http: POST en /api/sessions/resetPass - 28/7/2024, 11:23:29 p.m.
http: GET en /api/sessions/sendEmail - 28/7/2024, 11:23:30 p.m.
http: GET en /favicon.ico - 28/7/2024, 11:23:45 p.m.
http: GET en /api/sessions/sendEmail - 28/7/2024, 11:24:37 p.m.
http: GET en /api/sessions/sendEmail - 28/7/2024, 11:24:51 p.m.
http: GET en /o - 28/7/2024, 11:24:55 p.m.
http: GET en /login - 28/7/2024, 11:24:59 p.m.
http: GET en /favicon.ico - 28/7/2024, 11:25:00 p.m.
http: GET en /api/sessions/reset_password - 28/7/2024, 11:25:02 p.m.
http: POST en /api/sessions/resetPass - 28/7/2024, 11:25:06 p.m.
http: GET en /api/sessions/sendEmail - 28/7/2024, 11:25:06 p.m.
http: GET en /favicon.ico - 28/7/2024, 11:25:22 p.m.
http: GET en /api/sessions/sendEmail - 28/7/2024, 11:25:51 p.m.
http: GET en /api/sessions/sendEmail - 28/7/2024, 11:26:14 p.m.
http: GET en /login - 28/7/2024, 11:26:16 p.m.
http: GET en /favicon.ico - 28/7/2024, 11:26:16 p.m.
http: GET en /api/sessions/reset_password - 28/7/2024, 11:26:17 p.m.
http: POST en /api/sessions/resetPass - 28/7/2024, 11:26:22 p.m.
http: GET en /api/sessions/sendEmail - 28/7/2024, 11:26:22 p.m.
http: GET en /favicon.ico - 28/7/2024, 11:26:37 p.m.
http: GET en /api/sessions/sendEmail - 28/7/2024, 11:26:40 p.m.
http: GET en /favicon.ico - 28/7/2024, 11:26:40 p.m.
http: GET en /api/sessions/sendEmail - 28/7/2024, 11:27:27 p.m.
http: GET en /api/sessions/sendEmail - 28/7/2024, 11:28:06 p.m.
http: GET en /api/sessions/sendEmail - 28/7/2024, 11:32:10 p.m.
http: GET en /api/sessions/sendEmail - 28/7/2024, 11:33:03 p.m.
http: GET en /api/sessions/sendEmail - 28/7/2024, 11:33:13 p.m.
http: GET en /login - 28/7/2024, 11:33:20 p.m.
http: GET en /favicon.ico - 28/7/2024, 11:33:20 p.m.
http: GET en /api/sessions/reset_password - 28/7/2024, 11:33:22 p.m.
http: POST en /api/sessions/resetPass - 28/7/2024, 11:33:26 p.m.
http: GET en /sendEmail - 28/7/2024, 11:33:26 p.m.
http: GET en /favicon.ico - 28/7/2024, 11:33:42 p.m.
http: GET en /sendEmail - 28/7/2024, 11:34:03 p.m.
http: GET en /favicon.ico - 28/7/2024, 11:34:03 p.m.
http: GET en /sendEmail - 28/7/2024, 11:34:29 p.m.
http: GET en /sendEmail - 28/7/2024, 11:34:40 p.m.
http: GET en /login - 28/7/2024, 11:34:45 p.m.
http: GET en /favicon.ico - 28/7/2024, 11:34:45 p.m.
http: GET en /api/sessions/reset_password - 28/7/2024, 11:34:47 p.m.
http: POST en /api/sessions/resetPass - 28/7/2024, 11:34:56 p.m.
http: GET en /sendEmail - 28/7/2024, 11:34:56 p.m.
http: GET en /favicon.ico - 28/7/2024, 11:35:07 p.m.
http: GET en /sendEmail - 28/7/2024, 11:35:40 p.m.
http: GET en /sendEmail - 28/7/2024, 11:35:54 p.m.
http: GET en /login - 28/7/2024, 11:35:55 p.m.
http: GET en /favicon.ico - 28/7/2024, 11:35:55 p.m.
http: GET en /api/sessions/reset_password - 28/7/2024, 11:35:57 p.m.
http: POST en /api/sessions/resetPass - 28/7/2024, 11:36:01 p.m.
http: GET en /api/sessions/sendEmail - 28/7/2024, 11:36:02 p.m.
http: GET en /favicon.ico - 28/7/2024, 11:36:17 p.m.
http: GET en /api/sessions/sendEmail - 28/7/2024, 11:36:49 p.m.
http: GET en /favicon.ico - 28/7/2024, 11:36:49 p.m.
http: GET en /login - 28/7/2024, 11:38:46 p.m.
http: GET en /favicon.ico - 28/7/2024, 11:38:46 p.m.
http: GET en /api/sessions/reset_password - 28/7/2024, 11:39:00 p.m.
http: POST en /api/sessions/resetPass - 28/7/2024, 11:39:08 p.m.
http: GET en /api/sessions/sendEmail - 28/7/2024, 11:39:08 p.m.
http: GET en /favicon.ico - 28/7/2024, 11:39:20 p.m.
http: GET en /api/sessions/sendEmail - 28/7/2024, 11:39:39 p.m.
http: GET en /api/sessions/sendEmail - 28/7/2024, 11:56:47 p.m.
http: GET en /api/sessions/sendEmail - 28/7/2024, 11:57:05 p.m.
http: GET en /api/sessions/sendEmail - 28/7/2024, 11:57:13 p.m.
http: GET en /login - 28/7/2024, 11:57:16 p.m.
http: GET en /favicon.ico - 28/7/2024, 11:57:16 p.m.
http: GET en /api/sessions/reset_password - 28/7/2024, 11:57:18 p.m.
http: POST en /api/sessions/resetPass - 28/7/2024, 11:57:22 p.m.
http: GET en /sendEmail - 28/7/2024, 11:57:22 p.m.
http: GET en /favicon.ico - 28/7/2024, 11:57:38 p.m.
http: GET en /favicon.ico - 28/7/2024, 11:57:42 p.m.
http: GET en /sendEmail - 28/7/2024, 11:57:52 p.m.
http: GET en /restart - 28/7/2024, 11:58:01 p.m.
http: GET en /favicon.ico - 28/7/2024, 11:58:12 p.m.
http: GET en /favicon.ico - 28/7/2024, 11:58:18 p.m.
http: POST en /api/sessions/restart - 29/7/2024, 12:04:33 a.m.
http: GET en /favicon.ico - 29/7/2024, 12:04:33 a.m.
http: GET en /favicon.ico - 29/7/2024, 12:11:30 a.m.
http: GET en /api/sessions/reset_password - 29/7/2024, 12:12:28 a.m.
http: GET en /favicon.ico - 29/7/2024, 12:12:28 a.m.
http: POST en /api/sessions/resetPass - 29/7/2024, 12:12:32 a.m.
http: GET en /login - 29/7/2024, 12:14:01 a.m.
http: GET en /favicon.ico - 29/7/2024, 12:14:01 a.m.
http: GET en /api/sessions/reset_password - 29/7/2024, 12:14:03 a.m.
http: POST en /api/sessions/resetPass - 29/7/2024, 12:14:07 a.m.
http: GET en /sendEmail - 29/7/2024, 12:14:07 a.m.
http: GET en /restart - 29/7/2024, 12:14:13 a.m.
http: GET en /favicon.ico - 29/7/2024, 12:14:23 a.m.
http: POST en /api/sessions/restart - 29/7/2024, 12:14:23 a.m.
http: GET en /favicon.ico - 29/7/2024, 12:14:27 a.m.
http: GET en /favicon.ico - 29/7/2024, 12:14:33 a.m.
http: GET en /favicon.ico - 29/7/2024, 12:14:44 a.m.
http: GET en /favicon.ico - 29/7/2024, 12:16:14 a.m.
http: GET en /login - 29/7/2024, 12:25:33 a.m.
http: GET en /favicon.ico - 29/7/2024, 12:25:33 a.m.
http: GET en /api/sessions/reset_password - 29/7/2024, 12:25:36 a.m.
http: POST en /api/sessions/resetPass - 29/7/2024, 12:25:41 a.m.
http: GET en /sendEmail - 29/7/2024, 12:25:41 a.m.
http: GET en /restart - 29/7/2024, 12:25:48 a.m.
http: GET en /favicon.ico - 29/7/2024, 12:25:56 a.m.
http: POST en /api/sessions/restart - 29/7/2024, 12:26:00 a.m.
http: GET en /favicon.ico - 29/7/2024, 12:26:01 a.m.
http: GET en /favicon.ico - 29/7/2024, 12:26:09 a.m.
http: GET en /favicon.ico - 29/7/2024, 12:26:20 a.m.
http: GET en /favicon.ico - 29/7/2024, 12:28:43 a.m.
http: GET en /login - 29/7/2024, 12:28:59 a.m.
http: GET en /favicon.ico - 29/7/2024, 12:28:59 a.m.
http: GET en /api/sessions/reset_password - 29/7/2024, 12:29:01 a.m.
http: POST en /api/sessions/resetPass - 29/7/2024, 12:29:06 a.m.
http: GET en /sendEmail - 29/7/2024, 12:29:06 a.m.
http: GET en /restart - 29/7/2024, 12:29:14 a.m.
http: GET en /favicon.ico - 29/7/2024, 12:29:21 a.m.
http: POST en /api/sessions/restart - 29/7/2024, 12:29:25 a.m.
http: GET en /favicon.ico - 29/7/2024, 12:29:26 a.m.
http: GET en /favicon.ico - 29/7/2024, 12:29:34 a.m.
http: GET en /favicon.ico - 29/7/2024, 12:29:45 a.m.
http: GET en /login - 29/7/2024, 12:45:59 a.m.
http: GET en /favicon.ico - 29/7/2024, 12:45:59 a.m.
http: GET en /api/sessions/reset_password - 29/7/2024, 12:46:03 a.m.
http: POST en /api/sessions/resetPass - 29/7/2024, 12:46:19 a.m.
http: GET en /sendEmail - 29/7/2024, 12:46:19 a.m.
http: GET en /favicon.ico - 29/7/2024, 12:46:23 a.m.
http: GET en /restart - 29/7/2024, 12:46:25 a.m.
http: POST en /api/sessions/restart - 29/7/2024, 12:46:34 a.m.
http: GET en /favicon.ico - 29/7/2024, 12:46:39 a.m.
http: GET en /favicon.ico - 29/7/2024, 12:46:45 a.m.
http: POST en /api/sessions/restart - 29/7/2024, 12:46:50 a.m.
http: GET en /favicon.ico - 29/7/2024, 12:46:57 a.m.
http: GET en /favicon.ico - 29/7/2024, 12:47:03 a.m.
http: GET en /favicon.ico - 29/7/2024, 12:47:26 a.m.
http: GET en /login - 29/7/2024, 12:53:58 a.m.
http: GET en /favicon.ico - 29/7/2024, 12:53:58 a.m.
http: GET en /api/sessions/reset_password - 29/7/2024, 12:54:00 a.m.
http: GET en /login - 29/7/2024, 12:54:45 a.m.
http: GET en /favicon.ico - 29/7/2024, 12:54:45 a.m.
http: GET en /api/sessions/reset_password - 29/7/2024, 12:54:48 a.m.
http: POST en /api/sessions/resetPass - 29/7/2024, 12:54:52 a.m.
http: GET en /sendEmail - 29/7/2024, 12:54:52 a.m.
http: GET en /restart - 29/7/2024, 12:54:58 a.m.
http: POST en /api/sessions/restart - 29/7/2024, 12:55:07 a.m.
http: GET en /favicon.ico - 29/7/2024, 12:55:08 a.m.
http: GET en /favicon.ico - 29/7/2024, 12:55:12 a.m.
http: GET en /favicon.ico - 29/7/2024, 12:55:18 a.m.
http: GET en /favicon.ico - 29/7/2024, 12:55:27 a.m.
http: POST en /api/sessions/restart - 29/7/2024, 12:56:10 a.m.
http: GET en /favicon.ico - 29/7/2024, 12:56:11 a.m.
http: GET en /favicon.ico - 29/7/2024, 12:56:11 a.m.
http: GET en /login - 29/7/2024, 10:06:03 a.m.
http: GET en /favicon.ico - 29/7/2024, 10:06:03 a.m.
http: GET en /api/sessions/reset_password - 29/7/2024, 10:06:06 a.m.
http: POST en /api/sessions/resetPass - 29/7/2024, 10:06:10 a.m.
http: GET en /sendEmail - 29/7/2024, 10:06:11 a.m.
http: GET en /favicon.ico - 29/7/2024, 10:06:26 a.m.
http: GET en /restart - 29/7/2024, 10:06:30 a.m.
http: GET en /favicon.ico - 29/7/2024, 10:06:31 a.m.
http: POST en /api/sessions/restart - 29/7/2024, 10:06:42 a.m.
http: GET en /favicon.ico - 29/7/2024, 10:06:50 a.m.
http: GET en /favicon.ico - 29/7/2024, 10:07:02 a.m.
http: GET en /login - 29/7/2024, 10:33:31 a.m.
http: GET en /favicon.ico - 29/7/2024, 10:33:31 a.m.
http: GET en /api/sessions/reset_password - 29/7/2024, 10:33:33 a.m.
http: POST en /api/sessions/resetPass - 29/7/2024, 10:33:38 a.m.
http: GET en /sendEmail - 29/7/2024, 10:33:38 a.m.
http: GET en /restart - 29/7/2024, 10:33:45 a.m.
http: GET en /favicon.ico - 29/7/2024, 10:33:53 a.m.
http: POST en /api/sessions/restart - 29/7/2024, 10:33:57 a.m.
http: GET en /favicon.ico - 29/7/2024, 10:33:58 a.m.
http: GET en /favicon.ico - 29/7/2024, 10:34:05 a.m.
http: GET en /favicon.ico - 29/7/2024, 10:34:18 a.m.
http: POST en /api/sessions/restart - 29/7/2024, 10:41:22 a.m.
http: GET en /favicon.ico - 29/7/2024, 10:41:22 a.m.
http: POST en /api/sessions/restart - 29/7/2024, 10:42:01 a.m.
http: GET en /favicon.ico - 29/7/2024, 10:42:01 a.m.
http: GET en /login - 29/7/2024, 10:42:12 a.m.
http: GET en /favicon.ico - 29/7/2024, 10:42:12 a.m.
http: GET en /api/sessions/reset_password - 29/7/2024, 10:42:14 a.m.
http: POST en /api/sessions/resetPass - 29/7/2024, 10:42:18 a.m.
http: GET en /sendEmail - 29/7/2024, 10:42:18 a.m.
http: GET en /restart - 29/7/2024, 10:42:25 a.m.
http: GET en /favicon.ico - 29/7/2024, 10:42:34 a.m.
http: GET en /favicon.ico - 29/7/2024, 10:42:38 a.m.
http: POST en /api/sessions/restart - 29/7/2024, 10:42:43 a.m.
http: GET en /favicon.ico - 29/7/2024, 10:42:45 a.m.
http: GET en /login - 29/7/2024, 10:42:50 a.m.
http: GET en /api/sessions/reset_password - 29/7/2024, 10:42:54 a.m.
http: POST en /api/sessions/resetPass - 29/7/2024, 10:43:01 a.m.
http: GET en /favicon.ico - 29/7/2024, 10:43:03 a.m.
http: GET en /favicon.ico - 29/7/2024, 10:43:10 a.m.
http: GET en /favicon.ico - 29/7/2024, 10:43:14 a.m.
http: GET en /favicon.ico - 29/7/2024, 10:43:18 a.m.
http: POST en /api/sessions/resetPass - 29/7/2024, 11:43:36 a.m.
http: GET en /sendEmail - 29/7/2024, 11:43:36 a.m.
http: GET en /login - 1/8/2024, 1:31:04 a.m.
http: GET en /favicon.ico - 1/8/2024, 1:31:04 a.m.
http: GET en /api/sessions/reset_password - 1/8/2024, 1:31:12 a.m.
http: POST en /api/sessions/resetPass - 1/8/2024, 1:31:18 a.m.
http: GET en /favicon.ico - 1/8/2024, 1:31:32 a.m.
http: GET en /login - 1/8/2024, 1:32:20 a.m.
http: GET en /favicon.ico - 1/8/2024, 1:32:20 a.m.
http: GET en /api/sessions/reset_password - 1/8/2024, 1:32:23 a.m.
http: POST en /api/sessions/resetPass - 1/8/2024, 1:32:27 a.m.
http: GET en /sendEmail - 1/8/2024, 1:32:28 a.m.
http: GET en /restart - 1/8/2024, 1:32:37 a.m.
http: GET en /favicon.ico - 1/8/2024, 1:32:43 a.m.
http: GET en /favicon.ico - 1/8/2024, 1:32:48 a.m.
http: GET en /favicon.ico - 1/8/2024, 1:32:57 a.m.
http: POST en /api/sessions/restart - 1/8/2024, 1:33:11 a.m.
http: GET en /favicon.ico - 1/8/2024, 1:33:23 a.m.
http: POST en /api/sessions/restart - 1/8/2024, 1:33:26 a.m.
http: GET en /favicon.ico - 1/8/2024, 1:33:46 a.m.
http: GET en /login - 1/8/2024, 1:37:20 a.m.
http: GET en /favicon.ico - 1/8/2024, 1:37:20 a.m.
http: GET en /api/sessions/reset_password - 1/8/2024, 1:37:22 a.m.
http: GET en /favicon.ico - 1/8/2024, 1:37:42 a.m.
http: GET en /favicon.ico - 1/8/2024, 1:37:56 a.m.
http: GET en /restart - 1/8/2024, 1:38:53 a.m.
http: GET en /favicon.ico - 1/8/2024, 1:38:53 a.m.
http: POST en /api/sessions/restart - 1/8/2024, 1:39:01 a.m.
http: GET en /favicon.ico - 1/8/2024, 1:39:21 a.m.
http: GET en /login - 1/8/2024, 1:52:26 a.m.
http: GET en /favicon.ico - 1/8/2024, 1:52:27 a.m.
http: GET en /api/sessions/reset_password - 1/8/2024, 1:52:28 a.m.
http: POST en /api/sessions/resetPass - 1/8/2024, 1:52:32 a.m.
http: GET en /sendEmail - 1/8/2024, 1:52:32 a.m.
http: GET en /restart - 1/8/2024, 1:52:39 a.m.
http: GET en /favicon.ico - 1/8/2024, 1:52:48 a.m.
http: POST en /api/sessions/restart - 1/8/2024, 1:52:49 a.m.
http: GET en /favicon.ico - 1/8/2024, 1:52:52 a.m.
http: GET en /favicon.ico - 1/8/2024, 1:52:59 a.m.
http: GET en /favicon.ico - 1/8/2024, 1:53:09 a.m.
http: GET en /login - 1/8/2024, 10:50:25 a.m.
http: GET en /favicon.ico - 1/8/2024, 10:50:25 a.m.
http: GET en /api/sessions/reset_password - 1/8/2024, 10:50:28 a.m.
http: POST en /api/sessions/resetPass - 1/8/2024, 10:50:33 a.m.
http: GET en /sendEmail - 1/8/2024, 10:50:33 a.m.
http: GET en /restart - 1/8/2024, 10:50:44 a.m.
http: GET en /favicon.ico - 1/8/2024, 10:50:48 a.m.
http: GET en /favicon.ico - 1/8/2024, 10:50:53 a.m.
http: POST en /api/sessions/restart - 1/8/2024, 10:50:53 a.m.
http: GET en /favicon.ico - 1/8/2024, 10:51:04 a.m.
http: GET en /favicon.ico - 1/8/2024, 10:51:14 a.m.
http: GET en /login - 1/8/2024, 11:09:48 a.m.
http: GET en /favicon.ico - 1/8/2024, 11:09:48 a.m.
http: GET en /api/sessions/reset_password - 1/8/2024, 11:09:56 a.m.
http: POST en /api/sessions/resetPass - 1/8/2024, 11:10:01 a.m.
http: GET en /sendEmail - 1/8/2024, 11:10:01 a.m.
http: GET en /restart - 1/8/2024, 11:10:09 a.m.
http: GET en /favicon.ico - 1/8/2024, 11:10:16 a.m.
http: GET en /favicon.ico - 1/8/2024, 11:10:21 a.m.
http: POST en /api/sessions/restart - 1/8/2024, 11:10:26 a.m.
http: GET en /favicon.ico - 1/8/2024, 11:10:29 a.m.
http: GET en /favicon.ico - 1/8/2024, 11:10:47 a.m.
http: GET en /login - 1/8/2024, 11:18:35 a.m.
http: GET en /favicon.ico - 1/8/2024, 11:18:35 a.m.
http: GET en /api/sessions/reset_password - 1/8/2024, 11:18:37 a.m.
http: POST en /api/sessions/resetPass - 1/8/2024, 11:18:42 a.m.
http: GET en /sendEmail - 1/8/2024, 11:18:42 a.m.
http: GET en /restart - 1/8/2024, 11:18:50 a.m.
http: GET en /favicon.ico - 1/8/2024, 11:18:57 a.m.
http: POST en /api/sessions/restart - 1/8/2024, 11:19:00 a.m.
http: GET en /favicon.ico - 1/8/2024, 11:19:02 a.m.
http: GET en /favicon.ico - 1/8/2024, 11:19:10 a.m.
http: GET en /favicon.ico - 1/8/2024, 11:19:20 a.m.
http: GET en /login - 1/8/2024, 11:27:52 a.m.
http: GET en /favicon.ico - 1/8/2024, 11:27:52 a.m.
http: GET en /api/sessions/reset_password - 1/8/2024, 11:27:55 a.m.
http: POST en /api/sessions/resetPass - 1/8/2024, 11:28:01 a.m.
http: GET en /sendEmail - 1/8/2024, 11:28:01 a.m.
http: GET en /restart - 1/8/2024, 11:28:08 a.m.
http: GET en /favicon.ico - 1/8/2024, 11:28:15 a.m.
http: POST en /api/sessions/restart - 1/8/2024, 11:28:16 a.m.
http: GET en /favicon.ico - 1/8/2024, 11:28:21 a.m.
http: GET en /favicon.ico - 1/8/2024, 11:28:28 a.m.
http: GET en /favicon.ico - 1/8/2024, 11:28:37 a.m.
http: GET en /login - 1/8/2024, 11:29:10 a.m.
http: GET en /favicon.ico - 1/8/2024, 11:29:10 a.m.
http: GET en /api/sessions/reset_password - 1/8/2024, 11:29:12 a.m.
http: POST en /api/sessions/resetPass - 1/8/2024, 11:29:16 a.m.
http: GET en /sendEmail - 1/8/2024, 11:29:16 a.m.
http: GET en /restart - 1/8/2024, 11:29:27 a.m.
http: GET en /favicon.ico - 1/8/2024, 11:29:27 a.m.
http: POST en /api/sessions/restart - 1/8/2024, 11:29:37 a.m.
http: GET en /favicon.ico - 1/8/2024, 11:29:51 a.m.
http: GET en /login - 1/8/2024, 11:32:54 a.m.
http: GET en /favicon.ico - 1/8/2024, 11:32:54 a.m.
http: GET en /api/sessions/reset_password - 1/8/2024, 11:32:56 a.m.
http: POST en /api/sessions/resetPass - 1/8/2024, 11:33:00 a.m.
http: GET en /sendEmail - 1/8/2024, 11:33:00 a.m.
http: GET en /restart - 1/8/2024, 11:33:06 a.m.
http: POST en /api/sessions/restart - 1/8/2024, 11:33:14 a.m.
http: GET en /favicon.ico - 1/8/2024, 11:33:16 a.m.
http: GET en /favicon.ico - 1/8/2024, 11:33:20 a.m.
http: GET en /favicon.ico - 1/8/2024, 11:33:26 a.m.
http: GET en /favicon.ico - 1/8/2024, 11:33:34 a.m.
http: GET en /login - 1/8/2024, 11:34:58 a.m.
http: GET en /favicon.ico - 1/8/2024, 11:34:58 a.m.
http: GET en /api/sessions/reset_password - 1/8/2024, 11:35:00 a.m.
http: POST en /api/sessions/resetPass - 1/8/2024, 11:35:03 a.m.
http: GET en /sendEmail - 1/8/2024, 11:35:04 a.m.
http: GET en /restart - 1/8/2024, 11:35:11 a.m.
http: GET en /favicon.ico - 1/8/2024, 11:35:11 a.m.
http: POST en /api/sessions/restart - 1/8/2024, 11:35:18 a.m.
http: GET en /favicon.ico - 1/8/2024, 11:35:38 a.m.
http: GET en /login - 1/8/2024, 11:38:12 a.m.
http: GET en /favicon.ico - 1/8/2024, 11:38:12 a.m.
http: GET en /api/sessions/reset_password - 1/8/2024, 11:38:15 a.m.
http: POST en /api/sessions/resetPass - 1/8/2024, 11:38:19 a.m.
http: GET en /sendEmail - 1/8/2024, 11:38:19 a.m.
http: GET en /restart - 1/8/2024, 11:38:27 a.m.
http: GET en /favicon.ico - 1/8/2024, 11:38:27 a.m.
http: POST en /api/sessions/restart - 1/8/2024, 11:38:27 a.m.
http: POST en /api/sessions/restart - 1/8/2024, 11:38:35 a.m.
http: GET en /favicon.ico - 1/8/2024, 11:38:51 a.m.
http: GET en /favicon.ico - 1/8/2024, 11:38:57 a.m.
http: GET en /login - 1/8/2024, 11:40:14 a.m.
http: GET en /favicon.ico - 1/8/2024, 11:40:14 a.m.
http: GET en /api/sessions/reset_password - 1/8/2024, 11:40:15 a.m.
http: POST en /api/sessions/resetPass - 1/8/2024, 11:40:21 a.m.
http: GET en /sendEmail - 1/8/2024, 11:40:21 a.m.
http: GET en /restart - 1/8/2024, 11:40:28 a.m.
http: GET en /favicon.ico - 1/8/2024, 11:40:28 a.m.
http: POST en /api/sessions/restart - 1/8/2024, 11:40:32 a.m.
http: POST en /api/sessions/restart - 1/8/2024, 11:40:42 a.m.
http: GET en /favicon.ico - 1/8/2024, 11:40:54 a.m.
http: GET en /favicon.ico - 1/8/2024, 11:41:02 a.m.
http: GET en /login - 1/8/2024, 11:42:20 a.m.
http: GET en /favicon.ico - 1/8/2024, 11:42:20 a.m.
http: GET en /api/sessions/reset_password - 1/8/2024, 11:42:22 a.m.
http: POST en /api/sessions/resetPass - 1/8/2024, 11:42:27 a.m.
http: GET en /sendEmail - 1/8/2024, 11:42:27 a.m.
http: GET en /restart - 1/8/2024, 11:42:38 a.m.
http: GET en /favicon.ico - 1/8/2024, 11:42:38 a.m.
http: POST en /api/sessions/restart - 1/8/2024, 11:42:54 a.m.
http: GET en /favicon.ico - 1/8/2024, 11:43:10 a.m.
http: GET en /favicon.ico - 1/8/2024, 11:43:14 a.m.
http: GET en /login - 1/8/2024, 11:44:45 a.m.
http: GET en /favicon.ico - 1/8/2024, 11:44:45 a.m.
http: GET en /api/sessions/reset_password - 1/8/2024, 11:44:50 a.m.
http: POST en /api/sessions/resetPass - 1/8/2024, 11:44:54 a.m.
http: GET en /sendEmail - 1/8/2024, 11:44:54 a.m.
http: GET en /restart - 1/8/2024, 11:45:02 a.m.
http: GET en /favicon.ico - 1/8/2024, 11:45:02 a.m.
http: POST en /api/sessions/restart - 1/8/2024, 11:45:09 a.m.
http: GET en /favicon.ico - 1/8/2024, 11:45:29 a.m.
http: GET en /login - 1/8/2024, 11:45:47 a.m.
http: GET en /favicon.ico - 1/8/2024, 11:45:47 a.m.
http: GET en /api/sessions/reset_password - 1/8/2024, 11:45:49 a.m.
http: POST en /api/sessions/resetPass - 1/8/2024, 11:45:53 a.m.
http: GET en /sendEmail - 1/8/2024, 11:45:53 a.m.
http: GET en /restart - 1/8/2024, 11:46:00 a.m.
http: GET en /favicon.ico - 1/8/2024, 11:46:00 a.m.
http: POST en /api/sessions/restart - 1/8/2024, 11:46:07 a.m.
http: GET en /favicon.ico - 1/8/2024, 11:46:27 a.m.
http: GET en /login - 1/8/2024, 11:47:21 a.m.
http: GET en /favicon.ico - 1/8/2024, 11:47:21 a.m.
http: GET en /api/sessions/reset_password - 1/8/2024, 11:47:23 a.m.
http: POST en /api/sessions/resetPass - 1/8/2024, 11:47:27 a.m.
http: GET en /sendEmail - 1/8/2024, 11:47:27 a.m.
http: GET en /restart - 1/8/2024, 11:47:37 a.m.
http: GET en /favicon.ico - 1/8/2024, 11:47:38 a.m.
http: POST en /api/sessions/restart - 1/8/2024, 11:47:45 a.m.
http: GET en /favicon.ico - 1/8/2024, 11:48:05 a.m.
http: GET en /login - 1/8/2024, 11:50:17 a.m.
http: GET en /favicon.ico - 1/8/2024, 11:50:17 a.m.
http: GET en /api/sessions/reset_password - 1/8/2024, 11:50:19 a.m.
http: POST en /api/sessions/resetPass - 1/8/2024, 11:50:22 a.m.
http: GET en /sendEmail - 1/8/2024, 11:50:23 a.m.
http: GET en /restart - 1/8/2024, 11:50:29 a.m.
http: GET en /favicon.ico - 1/8/2024, 11:50:29 a.m.
http: POST en /api/sessions/restart - 1/8/2024, 11:50:35 a.m.
http: GET en /favicon.ico - 1/8/2024, 11:50:55 a.m.
http: GET en /login - 1/8/2024, 11:51:31 a.m.
http: GET en /favicon.ico - 1/8/2024, 11:51:31 a.m.
http: GET en /api/sessions/reset_password - 1/8/2024, 11:51:32 a.m.
http: POST en /api/sessions/resetPass - 1/8/2024, 11:51:37 a.m.
http: GET en /sendEmail - 1/8/2024, 11:51:37 a.m.
http: GET en /restart - 1/8/2024, 11:51:44 a.m.
http: GET en /favicon.ico - 1/8/2024, 11:51:44 a.m.
http: POST en /api/sessions/restart - 1/8/2024, 11:51:51 a.m.
http: GET en /favicon.ico - 1/8/2024, 11:52:11 a.m.
http: GET en /login - 1/8/2024, 11:55:27 a.m.
http: GET en /favicon.ico - 1/8/2024, 11:55:27 a.m.
http: GET en /api/sessions/reset_password - 1/8/2024, 11:55:29 a.m.
http: POST en /api/sessions/resetPass - 1/8/2024, 11:55:44 a.m.
http: GET en /favicon.ico - 1/8/2024, 11:55:49 a.m.
http: GET en /login - 1/8/2024, 11:55:52 a.m.
http: GET en /api/sessions/reset_password - 1/8/2024, 11:55:54 a.m.
http: POST en /api/sessions/resetPass - 1/8/2024, 11:56:04 a.m.
http: GET en /favicon.ico - 1/8/2024, 11:56:12 a.m.
http: GET en /favicon.ico - 1/8/2024, 11:56:14 a.m.
http: GET en /favicon.ico - 1/8/2024, 11:56:24 a.m.
http: GET en /restart - 1/8/2024, 12:16:18 p.m.
http: GET en /favicon.ico - 1/8/2024, 12:16:18 p.m.
http: POST en /api/sessions/restart - 1/8/2024, 12:16:33 p.m.
http: GET en /favicon.ico - 1/8/2024, 12:16:53 p.m.
http: GET en /login - 1/8/2024, 12:18:32 p.m.
http: GET en /favicon.ico - 1/8/2024, 12:18:32 p.m.
http: GET en /api/sessions/reset_password - 1/8/2024, 12:18:34 p.m.
http: GET en /favicon.ico - 1/8/2024, 12:18:54 p.m.
http: POST en /api/sessions/resetPass - 1/8/2024, 12:19:01 p.m.
http: GET en /favicon.ico - 1/8/2024, 12:19:22 p.m.
http: GET en /login - 1/8/2024, 12:34:01 p.m.
http: GET en /favicon.ico - 1/8/2024, 12:34:01 p.m.
http: GET en /api/sessions/reset_password - 1/8/2024, 12:34:04 p.m.
http: POST en /api/sessions/resetPass - 1/8/2024, 12:34:33 p.m.
http: GET en /favicon.ico - 1/8/2024, 12:34:33 p.m.
http: GET en /login - 1/8/2024, 2:13:05 p.m.
http: GET en /favicon.ico - 1/8/2024, 2:13:05 p.m.
http: GET en /api/sessions/reset_password - 1/8/2024, 2:13:07 p.m.
http: POST en /api/sessions/resetPass - 1/8/2024, 2:13:24 p.m.
http: GET en /favicon.ico - 1/8/2024, 2:13:27 p.m.
http: GET en /favicon.ico - 1/8/2024, 2:13:45 p.m.
http: GET en /login - 1/8/2024, 2:36:17 p.m.
http: GET en /favicon.ico - 1/8/2024, 2:36:18 p.m.
http: GET en /api/sessions/reset_password - 1/8/2024, 2:36:20 p.m.
http: POST en /api/sessions/resetPass - 1/8/2024, 2:36:24 p.m.
http: GET en /sendEmail - 1/8/2024, 2:36:24 p.m.
http: GET en /restart - 1/8/2024, 2:36:31 p.m.
http: GET en /favicon.ico - 1/8/2024, 2:36:40 p.m.
http: GET en /favicon.ico - 1/8/2024, 2:36:44 p.m.
http: GET en /favicon.ico - 1/8/2024, 2:36:51 p.m.
http: POST en /api/sessions/restart - 1/8/2024, 2:38:02 p.m.
http: GET en /favicon.ico - 1/8/2024, 2:38:03 p.m.
http: GET en /login - 1/8/2024, 2:40:48 p.m.
http: GET en /favicon.ico - 1/8/2024, 2:40:48 p.m.
http: GET en /api/sessions/reset_password - 1/8/2024, 2:40:50 p.m.
http: POST en /api/sessions/resetPass - 1/8/2024, 2:40:54 p.m.
http: GET en /sendEmail - 1/8/2024, 2:40:54 p.m.
http: GET en /restart - 1/8/2024, 2:41:03 p.m.
http: GET en /favicon.ico - 1/8/2024, 2:41:03 p.m.
http: POST en /api/sessions/restart - 1/8/2024, 2:41:10 p.m.
http: GET en /login - 1/8/2024, 2:41:24 p.m.
http: GET en /api/sessions/reset_password - 1/8/2024, 2:41:26 p.m.
http: POST en /api/sessions/resetPass - 1/8/2024, 2:41:37 p.m.
http: GET en /sendEmail - 1/8/2024, 2:41:38 p.m.
http: GET en /restart - 1/8/2024, 2:41:46 p.m.
http: GET en /favicon.ico - 1/8/2024, 2:41:46 p.m.
http: POST en /api/sessions/restart - 1/8/2024, 2:41:55 p.m.
http: GET en /favicon.ico - 1/8/2024, 2:42:18 p.m.
http: GET en /products - 1/8/2024, 2:42:44 p.m.
http: POST en /carts - 1/8/2024, 2:42:45 p.m.
http: GET en /favicon.ico - 1/8/2024, 2:43:05 p.m.
http: POST en /products - 1/8/2024, 9:32:49 p.m.
http: GET en /favicon.ico - 1/8/2024, 9:32:49 p.m.
http: GET en /products - 1/8/2024, 9:33:03 p.m.
http: POST en /carts - 1/8/2024, 9:33:04 p.m.
http: GET en /favicon.ico - 1/8/2024, 9:33:04 p.m.
http: POST en /products - 1/8/2024, 9:33:32 p.m.
http: GET en /favicon.ico - 1/8/2024, 9:33:32 p.m.
http: GET en /products - 1/8/2024, 9:34:02 p.m.
http: POST en /carts - 1/8/2024, 9:34:02 p.m.
http: GET en /favicon.ico - 1/8/2024, 9:34:02 p.m.
http: POST en /products - 1/8/2024, 9:34:25 p.m.
http: GET en /favicon.ico - 1/8/2024, 9:34:25 p.m.
http: POST en /products - 1/8/2024, 9:37:31 p.m.
http: GET en /favicon.ico - 1/8/2024, 9:37:31 p.m.
http: GET en /products - 1/8/2024, 9:38:58 p.m.
http: POST en /carts - 1/8/2024, 9:38:59 p.m.
http: GET en /favicon.ico - 1/8/2024, 9:38:59 p.m.
http: POST en /products - 1/8/2024, 9:39:20 p.m.
http: GET en /favicon.ico - 1/8/2024, 9:39:20 p.m.
http: GET en /products - 1/8/2024, 9:40:18 p.m.
http: POST en /carts - 1/8/2024, 9:40:18 p.m.
http: GET en /favicon.ico - 1/8/2024, 9:40:18 p.m.
http: POST en /products - 1/8/2024, 9:40:38 p.m.
http: GET en /favicon.ico - 1/8/2024, 9:40:38 p.m.
http: GET en /products - 1/8/2024, 9:41:04 p.m.
http: POST en /carts - 1/8/2024, 9:41:04 p.m.
http: GET en /favicon.ico - 1/8/2024, 9:41:04 p.m.
http: POST en /products - 1/8/2024, 9:41:24 p.m.
http: GET en /favicon.ico - 1/8/2024, 9:41:24 p.m.
http: GET en /login - 1/8/2024, 9:50:28 p.m.
http: GET en /favicon.ico - 1/8/2024, 9:50:28 p.m.
http: GET en /api/sessions/reset_password - 1/8/2024, 9:50:30 p.m.
http: POST en /api/sessions/resetPass - 1/8/2024, 9:50:35 p.m.
http: GET en /sendEmail - 1/8/2024, 9:50:35 p.m.
http: GET en /products - 1/8/2024, 9:50:50 p.m.
http: POST en /carts - 1/8/2024, 9:50:50 p.m.
http: GET en /favicon.ico - 1/8/2024, 9:50:50 p.m.
http: GET en /favicon.ico - 1/8/2024, 9:50:55 p.m.
http: GET en /favicon.ico - 1/8/2024, 9:51:10 p.m.
http: POST en /products - 1/8/2024, 9:51:27 p.m.
http: GET en /favicon.ico - 1/8/2024, 9:51:30 p.m.
http: GET en /products - 1/8/2024, 9:53:25 p.m.
http: POST en /carts - 1/8/2024, 9:53:25 p.m.
http: GET en /favicon.ico - 1/8/2024, 9:53:25 p.m.
http: POST en /products - 1/8/2024, 9:53:48 p.m.
http: GET en /favicon.ico - 1/8/2024, 9:53:48 p.m.
http: GET en /products - 1/8/2024, 9:55:02 p.m.
http: POST en /carts - 1/8/2024, 9:55:02 p.m.
http: GET en /favicon.ico - 1/8/2024, 9:55:02 p.m.
http: POST en /products - 1/8/2024, 9:55:22 p.m.
http: GET en /favicon.ico - 1/8/2024, 9:55:22 p.m.
http: GET en /products - 1/8/2024, 9:58:48 p.m.
http: POST en /carts - 1/8/2024, 9:58:48 p.m.
http: GET en /favicon.ico - 1/8/2024, 9:58:48 p.m.
http: POST en /products - 1/8/2024, 9:59:13 p.m.
http: GET en /favicon.ico - 1/8/2024, 9:59:13 p.m.
http: GET en /products - 1/8/2024, 10:09:05 p.m.
http: POST en /carts - 1/8/2024, 10:09:05 p.m.
http: GET en /favicon.ico - 1/8/2024, 10:09:05 p.m.
http: POST en /products - 1/8/2024, 10:09:33 p.m.
http: GET en /favicon.ico - 1/8/2024, 10:09:33 p.m.
http: GET en /products - 1/8/2024, 10:10:45 p.m.
http: POST en /carts - 1/8/2024, 10:10:46 p.m.
http: GET en /favicon.ico - 1/8/2024, 10:10:46 p.m.
http: POST en /products - 1/8/2024, 10:11:08 p.m.
http: GET en /favicon.ico - 1/8/2024, 10:11:09 p.m.
http: GET en /products - 1/8/2024, 10:13:40 p.m.
http: POST en /carts - 1/8/2024, 10:13:40 p.m.
http: GET en /favicon.ico - 1/8/2024, 10:13:40 p.m.
http: POST en /products - 1/8/2024, 10:14:15 p.m.
http: GET en /favicon.ico - 1/8/2024, 10:14:15 p.m.
http: GET en /products - 1/8/2024, 10:15:37 p.m.
http: POST en /carts - 1/8/2024, 10:15:37 p.m.
http: GET en /favicon.ico - 1/8/2024, 10:15:37 p.m.
http: POST en /products - 1/8/2024, 10:16:04 p.m.
http: GET en /favicon.ico - 1/8/2024, 10:16:04 p.m.
http: GET en /products - 1/8/2024, 10:17:05 p.m.
http: POST en /carts - 1/8/2024, 10:17:05 p.m.
http: GET en /favicon.ico - 1/8/2024, 10:17:05 p.m.
http: POST en /products - 1/8/2024, 10:17:25 p.m.
http: GET en /favicon.ico - 1/8/2024, 10:17:25 p.m.
http: GET en /products - 1/8/2024, 10:47:25 p.m.
http: POST en /carts - 1/8/2024, 10:47:26 p.m.
http: GET en /favicon.ico - 1/8/2024, 10:47:26 p.m.
http: POST en /products - 1/8/2024, 10:47:51 p.m.
http: GET en /favicon.ico - 1/8/2024, 10:47:51 p.m.
http: GET en /products - 1/8/2024, 10:50:27 p.m.
http: POST en /carts - 1/8/2024, 10:50:28 p.m.
http: GET en /favicon.ico - 1/8/2024, 10:50:28 p.m.
http: POST en /carts - 2/8/2024, 9:05:54 p.m.
http: GET en /favicon.ico - 2/8/2024, 9:05:54 p.m.
http: POST en /carts - 3/8/2024, 1:09:24 a.m.
http: GET en /favicon.ico - 3/8/2024, 1:09:24 a.m.
http: GET en /products - 3/8/2024, 1:09:25 a.m.
http: POST en /carts - 3/8/2024, 1:09:25 a.m.
http: GET en /favicon.ico - 3/8/2024, 1:09:25 a.m.
http: GET en /products - 3/8/2024, 1:09:46 a.m.
http: POST en /carts - 3/8/2024, 1:09:46 a.m.
http: GET en /favicon.ico - 3/8/2024, 1:09:46 a.m.
http: POST en /products - 3/8/2024, 1:10:18 a.m.
http: POST en /products - 3/8/2024, 1:10:18 a.m.
http: GET en /favicon.ico - 3/8/2024, 1:10:18 a.m.
http: GET en /products - 3/8/2024, 1:11:49 a.m.
http: POST en /carts - 3/8/2024, 1:11:49 a.m.
http: GET en /favicon.ico - 3/8/2024, 1:11:49 a.m.
http: POST en /products - 3/8/2024, 1:12:13 a.m.
http: POST en /products - 3/8/2024, 1:12:13 a.m.
http: GET en /favicon.ico - 3/8/2024, 1:12:13 a.m.
http: GET en /users - 3/8/2024, 1:38:58 a.m.
http: GET en /favicon.ico - 3/8/2024, 1:38:59 a.m.
http: GET en /favicon.ico - 3/8/2024, 1:39:32 a.m.
http: GET en /api/users/premium/666a38e8a58cc41b62e00076 - 3/8/2024, 1:41:45 a.m.
http: PUT en /api/users/premium/666a38e8a58cc41b62e00076 - 3/8/2024, 1:43:31 a.m.
http: GET en /favicon.ico - 3/8/2024, 1:44:47 a.m.
http: GET en /api/users/premium/666a38e8a58cc41b62e00076 - 3/8/2024, 1:44:51 a.m.
http: PUT en /api/users/premium/666a38e8a58cc41b62e00076 - 3/8/2024, 1:45:01 a.m.
http: GET en /api/users/premium/666a38e8a58cc41b62e00076 - 3/8/2024, 1:45:28 a.m.
http: PUT en /api/users/premium/666a38e8a58cc41b62e00076 - 3/8/2024, 1:46:23 a.m.
http: PUT en /api/users/premium/666a38e8a58cc41b62e00076 - 3/8/2024, 1:47:06 a.m.
http: GET en /api/users/premium/666a38e8a58cc41b62e00076 - 3/8/2024, 1:47:21 a.m.
http: PUT en /api/users/premium/666a38e8a58cc41b62e00076 - 3/8/2024, 1:47:54 a.m.
http: PUT en /api/users/premium/666a38e8a58cc41b62e00076 - 3/8/2024, 1:50:30 a.m.
http: PUT en /api/users/premium/666a38e8a58cc41b62e00076 - 3/8/2024, 1:50:34 a.m.
http: PUT en /api/users/premium/666a38e8a58cc41b62e00076 - 3/8/2024, 1:56:47 a.m.
http: PUT en /api/users/premium/666a38e8a58cc41b62e00076 - 3/8/2024, 1:58:15 a.m.
http: PUT en /api/users/premium/666a38e8a58cc41b62e00076 - 3/8/2024, 1:59:45 a.m.
http: PUT en /api/users/premium/666a38e8a58cc41b62e00076 - 3/8/2024, 2:00:37 a.m.
http: PUT en /api/users/premium/666a38e8a58cc41b62e00076 - 3/8/2024, 2:01:17 a.m.
http: PUT en /api/users/premium/666a38e8a58cc41b62e00076 - 3/8/2024, 2:05:36 a.m.
http: PUT en /api/users/premium/666a38e8a58cc41b62e00076 - 3/8/2024, 2:09:04 a.m.
http: PUT en /api/users/premium/666a38e8a58cc41b62e00076 - 3/8/2024, 2:10:13 a.m.
http: PUT en /api/users/premium/666a38e8a58cc41b62e00076 - 3/8/2024, 2:12:28 a.m.
http: GET en /products - 3/8/2024, 2:15:03 a.m.
http: POST en /carts - 3/8/2024, 2:15:03 a.m.
http: GET en /favicon.ico - 3/8/2024, 2:15:03 a.m.
http: GET en /login - 3/8/2024, 2:15:10 a.m.
http: GET en /favicon.ico - 3/8/2024, 2:15:10 a.m.
http: POST en /api/sessions/login - 3/8/2024, 2:15:23 a.m.
http: GET en /products - 3/8/2024, 2:15:23 a.m.
http: POST en /carts - 3/8/2024, 2:15:24 a.m.
http: GET en /favicon.ico - 3/8/2024, 2:15:44 a.m.
http: POST en /products - 3/8/2024, 2:15:48 a.m.
http: POST en /products - 3/8/2024, 2:15:48 a.m.
http: GET en /favicon.ico - 3/8/2024, 2:16:08 a.m.
http: GET en /login - 3/8/2024, 11:21:03 p.m.
http: PUT en /api/users/premium/666a38e8a58cc41b62e00076 - 3/8/2024, 11:21:38 p.m.
http: PUT en /api/users/premium/666a38e8a58cc41b62e00076 - 3/8/2024, 11:25:55 p.m.
