warning: GET en /loggerTest - 22/7/2024, 11:37:35
fatal: Fatal Error!
error: Error!
warning: Alerta!
warning: GET en /favicon.ico - 22/7/2024, 11:37:36
warning: GET en /loggerTest - 22/7/2024, 11:39:37
fatal: Fatal Error!
error: Error!
warning: Alerta!
warning: GET en /favicon.ico - 22/7/2024, 11:39:37
warning: GET en /loggerTest - 22/7/2024, 11:40:49
fatal: Fatal Error!
error: Error!
warning: Alerta!
warning: GET en /favicon.ico - 22/7/2024, 11:40:49
warning: GET en /loggerTest - 22/7/2024, 11:46:26
fatal: Fatal Error!
error: Error!
warning: Alerta!
warning: GET en /favicon.ico - 22/7/2024, 11:46:26
warning: GET en /loggerTest - 22/7/2024, 11:47:02
fatal: Fatal Error!
error: Error!
warning: Alerta!
warning: GET en /favicon.ico - 22/7/2024, 11:47:02
warning: GET en /favicon.ico - 22/7/2024, 11:47:25
fatal: Fatal Error!
error: Error!
warning: Alerta!
fatal: Fatal Error!
error: Error!
warning: Alerta!
fatal: Fatal Error!
error: Error!
warning: Alerta!
fatal: Fatal Error!
error: Error!
warning: Alerta!
fatal: Fatal Error!
error: Error!
warning: Alerta!
fatal: Fatal Error!
error: Error!
warning: Alerta!
fatal: Fatal Error!
error: Error!
warning: Alerta!
fatal: Fatal Error!
error: Error!
warning: Alerta!
fatal: Fatal Error!
error: Error!
warning: Alerta!
